0 info it worked if it ends with ok
1 verbose cli [ 'D:\\Program Files\\nodejs\\node.exe',
1 verbose cli   'D:\\Program Files\\nodejs\\node_modules\\npm\\bin\\npm-cli.js',
1 verbose cli   'run',
1 verbose cli   'gulp' ]
2 info using npm@3.10.9
3 info using node@v6.9.2
4 verbose run-script [ 'pregulp', 'gulp', 'postgulp' ]
5 info lifecycle programowanie@1.0.0~pregulp: programowanie@1.0.0
6 silly lifecycle programowanie@1.0.0~pregulp: no script for pregulp, continuing
7 info lifecycle programowanie@1.0.0~gulp: programowanie@1.0.0
8 verbose lifecycle programowanie@1.0.0~gulp: unsafe-perm in lifecycle true
9 verbose lifecycle programowanie@1.0.0~gulp: PATH: D:\Program Files\nodejs\node_modules\npm\bin\node-gyp-bin;C:\Users\Piotr\Desktop\programowanie\node_modules\.bin;C:\ProgramData\Oracle\Java\javapath;C:\Program Files (x86)\NVIDIA Corporation\PhysX\Common;C:\WINDOWS\system32;C:\WINDOWS;C:\WINDOWS\System32\Wbem;C:\WINDOWS\System32\WindowsPowerShell\v1.0\;C:\Program Files\Intel\WiFi\bin\;C:\Program Files\Common Files\Intel\WirelessCommon\;D:\Program Files\MATLAB\R2012b\runtime\win64;D:\Program Files\MATLAB\R2012b\bin;C:\Program Files (x86)\Skype\Phone\;D:\Program Files\nodejs\;D:\Program Files\Git\cmd;C:\Program Files\Intel\WiFi\bin\;C:\Program Files\Common Files\Intel\WirelessCommon\;C:\Users\Piotr\AppData\Local\Microsoft\WindowsApps;C:\Users\Piotr\AppData\Roaming\npm
10 verbose lifecycle programowanie@1.0.0~gulp: CWD: C:\Users\Piotr\Desktop\programowanie
11 silly lifecycle programowanie@1.0.0~gulp: Args: [ '/d /s /c', 'gulp' ]
12 silly lifecycle programowanie@1.0.0~gulp: Returned: code: 3221225786  signal: null
13 info lifecycle programowanie@1.0.0~gulp: Failed to exec gulp script
14 verbose stack Error: programowanie@1.0.0 gulp: `gulp`
14 verbose stack Exit status 3221225786
14 verbose stack     at EventEmitter.<anonymous> (D:\Program Files\nodejs\node_modules\npm\lib\utils\lifecycle.js:255:16)
14 verbose stack     at emitTwo (events.js:106:13)
14 verbose stack     at EventEmitter.emit (events.js:191:7)
14 verbose stack     at ChildProcess.<anonymous> (D:\Program Files\nodejs\node_modules\npm\lib\utils\spawn.js:40:14)
14 verbose stack     at emitTwo (events.js:106:13)
14 verbose stack     at ChildProcess.emit (events.js:191:7)
14 verbose stack     at maybeClose (internal/child_process.js:877:16)
14 verbose stack     at Process.ChildProcess._handle.onexit (internal/child_process.js:226:5)
15 verbose pkgid programowanie@1.0.0
16 verbose cwd C:\Users\Piotr\Desktop\programowanie
17 error Windows_NT 10.0.14393
18 error argv "D:\\Program Files\\nodejs\\node.exe" "D:\\Program Files\\nodejs\\node_modules\\npm\\bin\\npm-cli.js" "run" "gulp"
19 error node v6.9.2
20 error npm  v3.10.9
21 error code ELIFECYCLE
22 error programowanie@1.0.0 gulp: `gulp`
22 error Exit status 3221225786
23 error Failed at the programowanie@1.0.0 gulp script 'gulp'.
23 error Make sure you have the latest version of node.js and npm installed.
23 error If you do, this is most likely a problem with the programowanie package,
23 error not with npm itself.
23 error Tell the author that this fails on your system:
23 error     gulp
23 error You can get information on how to open an issue for this project with:
23 error     npm bugs programowanie
23 error Or if that isn't available, you can get their info via:
23 error     npm owner ls programowanie
23 error There is likely additional logging output above.
24 verbose exit [ 1, true ]
